c:\users\admin\source\repos\lab10_vararray\lab10_vararray\debug\vc141.pdb
c:\users\admin\source\repos\lab10_vararray\lab10_vararray\debug\vc141.idb
c:\users\admin\source\repos\lab10_vararray\lab10_vararray\debug\funcdef.obj
c:\users\admin\source\repos\lab10_vararray\lab10_vararray\debug\main.obj
c:\users\admin\source\repos\lab10_vararray\debug\lab10_vararray.ilk
c:\users\admin\source\repos\lab10_vararray\debug\lab10_vararray.exe
c:\users\admin\source\repos\lab10_vararray\debug\lab10_vararray.pdb
f:\education\spring 2018\repos\lab10_vararray\lab10_vararray\debug\funcdef.obj
f:\education\spring 2018\repos\lab10_vararray\lab10_vararray\debug\main.obj
f:\education\spring 2018\repos\lab10_vararray\lab10_vararray\debug\vc141.idb
f:\education\spring 2018\repos\lab10_vararray\lab10_vararray\debug\vc141.pdb
f:\education\spring 2018\repos\lab10_vararray\debug\lab10_vararray.pdb
f:\education\spring 2018\repos\lab10_vararray\debug\lab10_vararray.exe
f:\education\spring 2018\repos\lab10_vararray\debug\lab10_vararray.ilk
f:\education\spring 2018\repos\lab10_vararray\lab10_vararray\debug\lab10_vararray.tlog\cl.command.1.tlog
f:\education\spring 2018\repos\lab10_vararray\lab10_vararray\debug\lab10_vararray.tlog\cl.read.1.tlog
f:\education\spring 2018\repos\lab10_vararray\lab10_vararray\debug\lab10_vararray.tlog\cl.write.1.tlog
f:\education\spring 2018\repos\lab10_vararray\lab10_vararray\debug\lab10_vararray.tlog\link.command.1.tlog
f:\education\spring 2018\repos\lab10_vararray\lab10_vararray\debug\lab10_vararray.tlog\link.read.1.tlog
f:\education\spring 2018\repos\lab10_vararray\lab10_vararray\debug\lab10_vararray.tlog\link.write.1.tlog
